<?xml version="1.0" encoding="UTF-8"?>
<testng-results skipped="0" failed="0" total="2" passed="2">
  <reporter-output>
  </reporter-output>
  <suite name="Default suite" duration-ms="46003" started-at="2018-06-14T12:21:23Z" finished-at="2018-06-14T12:22:09Z">
    <groups>
    </groups>
    <test name="Default test" duration-ms="46003" started-at="2018-06-14T12:21:23Z" finished-at="2018-06-14T12:22:09Z">
      <class name="com.kisan.kisannet.testscripts.InviteToDownloadApp">
        <test-method status="PASS" signature="beforeSuite()[pri:0, instance:com.kisan.kisannet.testscripts.InviteToDownloadApp@7ba18f1b]" name="beforeSuite" is-config="true" duration-ms="13863" started-at="2018-06-14T17:51:23Z" finished-at="2018-06-14T17:51:37Z">
          <reporter-output>
          </reporter-output>
        </test-method> <!-- beforeSuite -->
        <test-method status="PASS" signature="beforeMethod(org.testng.ITestResult)[pri:0, instance:com.kisan.kisannet.testscripts.InviteToDownloadApp@7ba18f1b]" name="beforeMethod" is-config="true" duration-ms="4" started-at="2018-06-14T17:51:37Z" finished-at="2018-06-14T17:51:37Z">
          <params>
            <param index="0">
              <value>
                <![CDATA[[TestResult name=inviteByContact status=SUCCESS method=InviteToDownloadApp.inviteByContact()[pri:0, instance:com.kisan.kisannet.testscripts.InviteToDownloadApp@7ba18f1b] output={null}]]]>
              </value>
            </param>
          </params>
          <reporter-output>
          </reporter-output>
        </test-method> <!-- beforeMethod -->
        <test-method status="PASS" signature="inviteByContact()[pri:0, instance:com.kisan.kisannet.testscripts.InviteToDownloadApp@7ba18f1b]" name="inviteByContact" duration-ms="15744" started-at="2018-06-14T17:51:37Z" finished-at="2018-06-14T17:51:53Z">
          <reporter-output>
          </reporter-output>
        </test-method> <!-- inviteByContact -->
        <test-method status="PASS" signature="afterMethod(org.testng.ITestResult)[pri:0, instance:com.kisan.kisannet.testscripts.InviteToDownloadApp@7ba18f1b]" name="afterMethod" is-config="true" duration-ms="1047" started-at="2018-06-14T17:51:53Z" finished-at="2018-06-14T17:51:54Z">
          <params>
            <param index="0">
              <value>
                <![CDATA[[TestResult name=inviteByContact status=SUCCESS method=InviteToDownloadApp.inviteByContact()[pri:0, instance:com.kisan.kisannet.testscripts.InviteToDownloadApp@7ba18f1b] output={null}]]]>
              </value>
            </param>
          </params>
          <reporter-output>
          </reporter-output>
        </test-method> <!-- afterMethod -->
        <test-method status="PASS" signature="inviteManually()[pri:0, instance:com.kisan.kisannet.testscripts.InviteToDownloadApp@7ba18f1b]" name="inviteManually" duration-ms="12363" started-at="2018-06-14T17:51:54Z" finished-at="2018-06-14T17:52:06Z">
          <reporter-output>
          </reporter-output>
        </test-method> <!-- inviteManually -->
        <test-method status="PASS" signature="beforeMethod(org.testng.ITestResult)[pri:0, instance:com.kisan.kisannet.testscripts.InviteToDownloadApp@7ba18f1b]" name="beforeMethod" is-config="true" duration-ms="0" started-at="2018-06-14T17:51:54Z" finished-at="2018-06-14T17:51:54Z">
          <params>
            <param index="0">
              <value>
                <![CDATA[[TestResult name=inviteManually status=SUCCESS method=InviteToDownloadApp.inviteManually()[pri:0, instance:com.kisan.kisannet.testscripts.InviteToDownloadApp@7ba18f1b] output={null}]]]>
              </value>
            </param>
          </params>
          <reporter-output>
          </reporter-output>
        </test-method> <!-- beforeMethod -->
        <test-method status="PASS" signature="afterMethod(org.testng.ITestResult)[pri:0, instance:com.kisan.kisannet.testscripts.InviteToDownloadApp@7ba18f1b]" name="afterMethod" is-config="true" duration-ms="2504" started-at="2018-06-14T17:52:06Z" finished-at="2018-06-14T17:52:09Z">
          <params>
            <param index="0">
              <value>
                <![CDATA[[TestResult name=inviteManually status=SUCCESS method=InviteToDownloadApp.inviteManually()[pri:0, instance:com.kisan.kisannet.testscripts.InviteToDownloadApp@7ba18f1b] output={null}]]]>
              </value>
            </param>
          </params>
          <reporter-output>
          </reporter-output>
        </test-method> <!-- afterMethod -->
        <test-method status="PASS" signature="afterTest()[pri:0, instance:com.kisan.kisannet.testscripts.InviteToDownloadApp@7ba18f1b]" name="afterTest" is-config="true" duration-ms="459" started-at="2018-06-14T17:52:09Z" finished-at="2018-06-14T17:52:09Z">
          <reporter-output>
          </reporter-output>
        </test-method> <!-- afterTest -->
      </class> <!-- com.kisan.kisannet.testscripts.InviteToDownloadApp -->
    </test> <!-- Default test -->
  </suite> <!-- Default suite -->
</testng-results>
