<?xml version="1.0" encoding="UTF-8"?>
<!-- Generated by org.testng.reporters.JUnitXMLReporter -->
<testsuite hostname="KisanAbhi-PC" name="Test three(failed)(failed)(failed)" tests="1" failures="1" timestamp="7 May 2018 08:31:41 GMT" time="71.715" errors="0">
  <testcase name="SendTextMessageToAdmin" time="40.196" classname="com.kisan.kisannet.testscripts.SendTextMessageToAdmin">
    <failure type="java.lang.ArrayIndexOutOfBoundsException" message="-1">
      <![CDATA[java.lang.ArrayIndexOutOfBoundsException: -1
	at java.util.ArrayList.elementData(ArrayList.java:418)
	at java.util.ArrayList.get(ArrayList.java:431)
	at com.kisan.kisannet.pagelibrary.ChannelChatWindow.getLatestMessage(ChannelChatWindow.java:80)
	at com.kisan.kisannet.testscripts.SendTextMessageToAdmin.SendTextMessageToAdmin(SendTextMessageToAdmin.java:33)
... Removed 24 stack frames]]>
    </failure>
  </testcase> <!-- SendTextMessageToAdmin -->
</testsuite> <!-- Test three(failed)(failed)(failed) -->
