<?xml version="1.0" encoding="UTF-8"?>
<!-- Generated by org.testng.reporters.JUnitXMLReporter -->
<testsuite hostname="KisanAbhi-PC" name="Test four(failed)(failed)(failed)" tests="1" failures="1" timestamp="7 May 2018 08:33:22 GMT" time="101.033" errors="0">
  <testcase name="sendImageToAdmin" time="72.439" classname="com.kisan.kisannet.testscripts.SendImageToAdmin">
    <failure type="java.lang.ArrayIndexOutOfBoundsException">
      <![CDATA[java.lang.ArrayIndexOutOfBoundsException
]]>
    </failure>
  </testcase> <!-- sendImageToAdmin -->
</testsuite> <!-- Test four(failed)(failed)(failed) -->
