<?xml version="1.0" encoding="UTF-8"?>
<!-- Generated by org.testng.reporters.JUnitXMLReporter -->
<testsuite hostname="KisanAbhi-PC" name="Default test" tests="2" failures="0" timestamp="9 Jul 2018 11:14:18 GMT" time="102.025" errors="0">
  <testcase name="followChannelFormChannelProfile" time="40.91" classname="com.kisan.kisannet.testscripts.FollowChannel"/>
  <testcase name="followChannelFormDiscover" time="40.136" classname="com.kisan.kisannet.testscripts.FollowChannel"/>
</testsuite> <!-- Default test -->
