<?xml version="1.0" encoding="UTF-8"?>
<!-- Generated by org.testng.reporters.JUnitXMLReporter -->
<testsuite hostname="KisanAbhi-PC" name="Default test" tests="2" failures="0" timestamp="14 Jun 2018 12:22:09 GMT" time="46.003" errors="0">
  <testcase name="inviteByContact" time="15.744" classname="com.kisan.kisannet.testscripts.InviteToDownloadApp"/>
  <testcase name="inviteManually" time="12.363" classname="com.kisan.kisannet.testscripts.InviteToDownloadApp"/>
</testsuite> <!-- Default test -->
