<?xml version="1.0" encoding="UTF-8"?>
<!-- Generated by org.testng.reporters.JUnitXMLReporter -->
<testsuite hostname="KisanAbhi-PC" name="Change Language" tests="1" failures="1" timestamp="12 Apr 2018 07:33:56 GMT" time="23.215" errors="0">
  <testcase name="changeLanguage" time="3.499" classname="com.kisan.kisannet.testscripts.ChangeLanguage">
    <failure type="org.openqa.selenium.NoSuchElementException" message="An element could not be located on the page using the given search parameters. (WARNING: The server did not provide any stacktrace information)
Command duration or timeout: 0 milliseconds
For documentation on this error, please visit: http://seleniumhq.org/exceptions/no_such_element.html
Build info: version: &amp;apos;3.10.0&amp;apos;, revision: &amp;apos;176b4a9&amp;apos;, time: &amp;apos;2018-03-02T19:03:16.397Z&amp;apos;
System info: host: &amp;apos;KISANABHI-PC&amp;apos;, ip: &amp;apos;192.168.1.7&amp;apos;, os.name: &amp;apos;Windows 7&amp;apos;, os.arch: &amp;apos;amd64&amp;apos;, os.version: &amp;apos;6.1&amp;apos;, java.version: &amp;apos;1.8.0_161&amp;apos;
Driver info: io.appium.java_client.android.AndroidDriver
Capabilities {appActivity: com.kisan.samvaad.NewDashbo..., appPackage: com.kisan.samvaad.test, databaseEnabled: false, desired: {appActivity: com.kisan.samvaad.NewDashbo..., appPackage: com.kisan.samvaad.test, deviceName: Redmi, platformName: android, platformVersion: 6.0.1}, deviceManufacturer: Xiaomi, deviceModel: Redmi Note 3, deviceName: 192.168.1.8:5555, deviceScreenSize: 1080x1920, deviceUDID: 192.168.1.8:5555, javascriptEnabled: true, locationContextEnabled: false, networkConnectionEnabled: true, platform: LINUX, platformName: LINUX, platformVersion: 6.0.1, takesScreenshot: true, warnings: {}, webStorageEnabled: false}
Session ID: c7e1b52d-6a3a-4fbe-b68a-449911dee0c4
*** Element info: {Using=xpath, value=//*[@contentDescription=&amp;apos;Open&amp;apos;]}">
      <![CDATA[org.openqa.selenium.NoSuchElementException: An element could not be located on the page using the given search parameters. (WARNING: The server did not provide any stacktrace information)
Command duration or timeout: 0 milliseconds
For documentation on this error, please visit: http://seleniumhq.org/exceptions/no_such_element.html
Build info: version: '3.10.0', revision: '176b4a9', time: '2018-03-02T19:03:16.397Z'
System info: host: 'KISANABHI-PC', ip: '192.168.1.7', os.name: 'Windows 7', os.arch: 'amd64', os.version: '6.1', java.version: '1.8.0_161'
Driver info: io.appium.java_client.android.AndroidDriver
Capabilities {appActivity: com.kisan.samvaad.NewDashbo..., appPackage: com.kisan.samvaad.test, databaseEnabled: false, desired: {appActivity: com.kisan.samvaad.NewDashbo..., appPackage: com.kisan.samvaad.test, deviceName: Redmi, platformName: android, platformVersion: 6.0.1}, deviceManufacturer: Xiaomi, deviceModel: Redmi Note 3, deviceName: 192.168.1.8:5555, deviceScreenSize: 1080x1920, deviceUDID: 192.168.1.8:5555, javascriptEnabled: true, locationContextEnabled: false, networkConnectionEnabled: true, platform: LINUX, platformName: LINUX, platformVersion: 6.0.1, takesScreenshot: true, warnings: {}, webStorageEnabled: false}
Session ID: c7e1b52d-6a3a-4fbe-b68a-449911dee0c4
*** Element info: {Using=xpath, value=//*[@contentDescription='Open']}
	at org.openqa.selenium.remote.ErrorHandler.createThrowable(ErrorHandler.java:214)
	at org.openqa.selenium.remote.ErrorHandler.throwIfResponseFailed(ErrorHandler.java:166)
	at org.openqa.selenium.remote.http.JsonHttpResponseCodec.reconstructValue(JsonHttpResponseCodec.java:40)
	at org.openqa.selenium.remote.http.AbstractHttpResponseCodec.decode(AbstractHttpResponseCodec.java:80)
	at org.openqa.selenium.remote.http.AbstractHttpResponseCodec.decode(AbstractHttpResponseCodec.java:44)
	at org.openqa.selenium.remote.HttpCommandExecutor.execute(HttpCommandExecutor.java:160)
	at io.appium.java_client.remote.AppiumCommandExecutor.execute(AppiumCommandExecutor.java:69)
	at org.openqa.selenium.remote.RemoteWebDriver.execute(RemoteWebDriver.java:601)
	at io.appium.java_client.DefaultGenericMobileDriver.execute(DefaultGenericMobileDriver.java:40)
	at io.appium.java_client.AppiumDriver.execute(AppiumDriver.java:1)
	at io.appium.java_client.android.AndroidDriver.execute(AndroidDriver.java:1)
	at org.openqa.selenium.remote.RemoteWebDriver.findElement(RemoteWebDriver.java:371)
	at io.appium.java_client.DefaultGenericMobileDriver.findElement(DefaultGenericMobileDriver.java:56)
	at io.appium.java_client.AppiumDriver.findElement(AppiumDriver.java:1)
	at io.appium.java_client.android.AndroidDriver.findElement(AndroidDriver.java:1)
	at org.openqa.selenium.remote.RemoteWebDriver.findElementByXPath(RemoteWebDriver.java:473)
	at io.appium.java_client.DefaultGenericMobileDriver.findElementByXPath(DefaultGenericMobileDriver.java:134)
	at io.appium.java_client.AppiumDriver.findElementByXPath(AppiumDriver.java:1)
	at io.appium.java_client.android.AndroidDriver.findElementByXPath(AndroidDriver.java:1)
	at org.openqa.selenium.By$ByXPath.findElement(By.java:361)
	at org.openqa.selenium.remote.RemoteWebDriver.findElement(RemoteWebDriver.java:363)
	at io.appium.java_client.DefaultGenericMobileDriver.findElement(DefaultGenericMobileDriver.java:52)
	at io.appium.java_client.AppiumDriver.findElement(AppiumDriver.java:1)
	at io.appium.java_client.android.AndroidDriver.findElement(AndroidDriver.java:1)
	at com.kisan.kisannet.helper.Wait.WaitHelper.waitForElementClickable(WaitHelper.java:71)
	at com.kisan.kisannet.pagelibrary.MyChat.clickonLeftdrawerButton(MyChat.java:32)
	at com.kisan.kisannet.testscripts.ChangeLanguage.changeLanguage(ChangeLanguage.java:21)
... Removed 28 stack frames]]>
    </failure>
  </testcase> <!-- changeLanguage -->
</testsuite> <!-- Change Language -->
