<?xml version="1.0" encoding="UTF-8"?>
<!-- Generated by org.testng.reporters.JUnitXMLReporter -->
<testsuite hostname="KisanAbhi-PC" name="Create Channel" tests="1" failures="1" timestamp="4 May 2018 10:40:32 GMT" time="0.047" errors="0">
  <testcase name="@AfterMethod afterMethod" time="0.0" classname="com.kisan.kisannet.testscripts.CreateChannel">
    <failure type="java.lang.NullPointerException">
      <![CDATA[java.lang.NullPointerException
	at com.kisan.kisannet.helper.Wait.WaitHelper.<init>(WaitHelper.java:30)
	at com.kisan.kisannet.pagelibrary.MyChat.<init>(MyChat.java:40)
	at com.kisan.kisannet.testBase.TestBase.navigateToMyChat(TestBase.java:177)
	at com.kisan.kisannet.testBase.TestBase.afterMethod(TestBase.java:144)
... Removed 26 stack frames]]>
    </failure>
  </testcase> <!-- @AfterMethod afterMethod -->
  <testcase name="@AfterClass afterClass" time="0.0" classname="com.kisan.kisannet.testscripts.CreateChannel">
    <skipped/>
  </testcase> <!-- @AfterClass afterClass -->
  <testcase name="createPublicChannel" time="0.015" classname="com.kisan.kisannet.testscripts.CreateChannel">
    <failure type="java.lang.NullPointerException">
      <![CDATA[java.lang.NullPointerException
	at com.kisan.kisannet.helper.Wait.WaitHelper.<init>(WaitHelper.java:30)
	at com.kisan.kisannet.pagelibrary.MyChat.<init>(MyChat.java:40)
	at com.kisan.kisannet.testscripts.CreateChannel.createPublicChannel(CreateChannel.java:30)
... Removed 24 stack frames]]>
    </failure>
  </testcase> <!-- createPublicChannel -->
</testsuite> <!-- Create Channel -->
