<?xml version="1.0" encoding="UTF-8"?>
<!-- Generated by org.testng.reporters.JUnitXMLReporter -->
<testsuite hostname="KisanAbhi-PC" name="Test One" tests="1" failures="1" timestamp="7 May 2018 05:36:25 GMT" time="0.032" errors="0">
  <testcase name="@AfterMethod afterMethod" time="0.0" classname="com.kisan.kisannet.testscripts.CreateChannel">
    <failure type="java.lang.NullPointerException">
      <![CDATA[java.lang.NullPointerException
	at com.kisan.kisannet.helper.Wait.WaitHelper.<init>(WaitHelper.java:30)
	at com.kisan.kisannet.pagelibrary.MyChat.<init>(MyChat.java:40)
	at com.kisan.kisannet.testBase.TestBase.navigateToMyChat(TestBase.java:199)
	at com.kisan.kisannet.testBase.TestBase.afterMethod(TestBase.java:147)
... Removed 26 stack frames]]>
    </failure>
  </testcase> <!-- @AfterMethod afterMethod -->
  <testcase name="@AfterTest afterTest" time="0.0" classname="com.kisan.kisannet.testscripts.CreateChannel">
    <skipped/>
  </testcase> <!-- @AfterTest afterTest -->
  <testcase name="createPublicChannel" time="0.016" classname="com.kisan.kisannet.testscripts.CreateChannel">
    <failure type="java.lang.NullPointerException">
      <![CDATA[java.lang.NullPointerException
	at com.kisan.kisannet.helper.Wait.WaitHelper.<init>(WaitHelper.java:30)
	at com.kisan.kisannet.pagelibrary.MyChat.<init>(MyChat.java:40)
	at com.kisan.kisannet.testscripts.CreateChannel.createPublicChannel(CreateChannel.java:30)
... Removed 24 stack frames]]>
    </failure>
  </testcase> <!-- createPublicChannel -->
</testsuite> <!-- Test One -->
