<?xml version="1.0" encoding="UTF-8"?>
<!-- Generated by org.testng.reporters.JUnitXMLReporter -->
<testsuite hostname="KisanAbhi-PC" name="Test four" tests="1" failures="1" timestamp="7 May 2018 08:10:35 GMT" time="94.323" errors="0">
  <testcase name="sendImageToAdmin" time="60.543" classname="com.kisan.kisannet.testscripts.SendImageToAdmin">
    <failure type="java.lang.ArrayIndexOutOfBoundsException" message="-1">
      <![CDATA[java.lang.ArrayIndexOutOfBoundsException: -1
	at java.util.ArrayList.elementData(ArrayList.java:418)
	at java.util.ArrayList.get(ArrayList.java:431)
	at com.kisan.kisannet.pagelibrary.ChannelChatWindow.getLatestCaption(ChannelChatWindow.java:138)
	at com.kisan.kisannet.testscripts.SendImageToAdmin.sendImageToAdmin(SendImageToAdmin.java:35)
... Removed 24 stack frames]]>
    </failure>
  </testcase> <!-- sendImageToAdmin -->
</testsuite> <!-- Test four -->
