<?xml version="1.0" encoding="UTF-8"?>
<!-- Generated by org.testng.reporters.JUnitXMLReporter -->
<testsuite hostname="KisanAbhi-PC" name="Test aOne" tests="10" failures="0" timestamp="25 Jul 2018 09:22:31 GMT" time="571.238" errors="0">
  <testcase name="sendTextMessageToFollower" time="24.33" classname="com.kisan.kisannet.testscripts.SendTextMessageToFollowers"/>
  <testcase name="sendLocationToFollower" time="21.446" classname="com.kisan.kisannet.testscripts.SendLocationToFollowers"/>
  <testcase name="SendTextMessageToAdmin" time="23.261" classname="com.kisan.kisannet.testscripts.SendTextMessageToAdmin"/>
  <testcase name="sendImageToAdmin" time="34.325" classname="com.kisan.kisannet.testscripts.SendImageToAdmin"/>
  <testcase name="sendVideoToAdmin" time="37.985" classname="com.kisan.kisannet.testscripts.SendVideoToAdmin"/>
  <testcase name="sendAudioToAdmin" time="71.246" classname="com.kisan.kisannet.testscripts.SendAudioToAdmin"/>
  <testcase name="sendLocationToFollower" time="23.532" classname="com.kisan.kisannet.testscripts.SendLocationToAdmin"/>
  <testcase name="sendImageToFollower" time="35.137" classname="com.kisan.kisannet.testscripts.SendImageToFollowers"/>
  <testcase name="sendVideoToFollower" time="35.095" classname="com.kisan.kisannet.testscripts.SendVideoToFollowers"/>
  <testcase name="sendAudioToFollower" time="111.44" classname="com.kisan.kisannet.testscripts.SendAudioToFollowers"/>
</testsuite> <!-- Test aOne -->
