<?xml version="1.0" encoding="UTF-8"?>
<!-- Generated by org.testng.reporters.JUnitXMLReporter -->
<testsuite hostname="KisanAbhi-PC" name="Test aOne" tests="9" failures="0" timestamp="7 May 2018 12:13:27 GMT" time="939.333" errors="0">
  <testcase name="createPublicChannel" time="42.347" classname="com.kisan.kisannet.testscripts.CreateChannel"/>
  <testcase name="sendTextMessageToFollower" time="55.828" classname="com.kisan.kisannet.testscripts.SendTextMessageToFollowers"/>
  <testcase name="SendTextMessageToAdmin" time="54.897" classname="com.kisan.kisannet.testscripts.SendTextMessageToAdmin"/>
  <testcase name="sendImageToFollower" time="66.725" classname="com.kisan.kisannet.testscripts.SendImageToFollowers"/>
  <testcase name="sendImageToAdmin" time="66.119" classname="com.kisan.kisannet.testscripts.SendImageToAdmin"/>
  <testcase name="sendImageToFollower" time="63.066" classname="com.kisan.kisannet.testscripts.SendVideoToFollowers"/>
  <testcase name="sendImageToAdmin" time="61.219" classname="com.kisan.kisannet.testscripts.SendVideoToAdmin"/>
  <testcase name="sendImageToFollower" time="143.1" classname="com.kisan.kisannet.testscripts.SendAudioToFollowers"/>
  <testcase name="sendImageToAdmin" time="98.398" classname="com.kisan.kisannet.testscripts.SendAudioToAdmin"/>
</testsuite> <!-- Test aOne -->
