<?xml version="1.0" encoding="UTF-8"?>
<!-- Generated by org.testng.reporters.JUnitXMLReporter -->
<testsuite hostname="KisanAbhi-PC" name="Test" tests="21" failures="4" timestamp="9 Jul 2018 10:50:32 GMT" time="1078.668" errors="0">
  <testcase name="sendVideoToFollower" time="43.1" classname="com.kisan.kisannet.testscripts.SendVideoToFollowers"/>
  <testcase name="sendImageToFollower" time="34.53" classname="com.kisan.kisannet.testscripts.SendImageToFollowers"/>
  <testcase name="sendAudioToFollower" time="73.711" classname="com.kisan.kisannet.testscripts.SendAudioToFollowers"/>
  <testcase name="sendLocationToFollower" time="20.944" classname="com.kisan.kisannet.testscripts.SendLocationToFollowers"/>
  <testcase name="sendTextMessageToFollower" time="25.167" classname="com.kisan.kisannet.testscripts.SendTextMessageToFollowers"/>
  <testcase name="sendVideoToAdmin" time="38.037" classname="com.kisan.kisannet.testscripts.SendVideoToAdmin"/>
  <testcase name="sendImageToAdmin" time="42.239" classname="com.kisan.kisannet.testscripts.SendImageToAdmin"/>
  <testcase name="sendAudioToAdmin" time="71.433" classname="com.kisan.kisannet.testscripts.SendAudioToAdmin">
    <failure type="org.openqa.selenium.NoSuchElementException" message="An element could not be located on the page using the given search parameters. (WARNING: The server did not provide any stacktrace information)
Command duration or timeout: 0 milliseconds
For documentation on this error, please visit: http://seleniumhq.org/exceptions/no_such_element.html
Build info: version: &amp;apos;3.12.0&amp;apos;, revision: &amp;apos;7c6e0b3&amp;apos;, time: &amp;apos;2018-05-08T14:04:26.12Z&amp;apos;
System info: host: &amp;apos;KISANABHI-PC&amp;apos;, ip: &amp;apos;192.168.0.79&amp;apos;, os.name: &amp;apos;Windows 7&amp;apos;, os.arch: &amp;apos;amd64&amp;apos;, os.version: &amp;apos;6.1&amp;apos;, java.version: &amp;apos;1.8.0_144&amp;apos;
Driver info: io.appium.java_client.android.AndroidDriver
Capabilities {appActivity: com.kisan.samvaad.NewDashbo..., appPackage: com.kisan.samvaad.test, autoAcceptAlerts: true, autoGrantPermissions: true, databaseEnabled: false, desired: {appActivity: com.kisan.samvaad.NewDashbo..., appPackage: com.kisan.samvaad.test, autoAcceptAlerts: true, autoGrantPermissions: true, deviceName: PixelV1, newCommandTimeout: 1840, noReset: true, platformName: Android, platformVersion: 6.0, testobject_api_key: 92F914B9D96C44B0947BD853191...}, deviceManufacturer: LAVA, deviceModel: PixelV1, deviceName: 192.168.0.76:5555, deviceScreenSize: 720x1280, deviceUDID: 192.168.0.76:5555, javascriptEnabled: true, locationContextEnabled: false, networkConnectionEnabled: true, newCommandTimeout: 1840, noReset: true, platform: LINUX, platformName: LINUX, platformVersion: 6.0, takesScreenshot: true, testobject_api_key: 92F914B9D96C44B0947BD853191..., warnings: {}, webStorageEnabled: false}
Session ID: 4b382b71-c361-445e-b91a-878e42d6e62e
*** Element info: {Using=id, value=com.kisan.samvaad.test:id/action_attach}">
      <![CDATA[org.openqa.selenium.NoSuchElementException: An element could not be located on the page using the given search parameters. (WARNING: The server did not provide any stacktrace information)
Command duration or timeout: 0 milliseconds
For documentation on this error, please visit: http://seleniumhq.org/exceptions/no_such_element.html
Build info: version: '3.12.0', revision: '7c6e0b3', time: '2018-05-08T14:04:26.12Z'
System info: host: 'KISANABHI-PC', ip: '192.168.0.79', os.name: 'Windows 7', os.arch: 'amd64', os.version: '6.1', java.version: '1.8.0_144'
Driver info: io.appium.java_client.android.AndroidDriver
Capabilities {appActivity: com.kisan.samvaad.NewDashbo..., appPackage: com.kisan.samvaad.test, autoAcceptAlerts: true, autoGrantPermissions: true, databaseEnabled: false, desired: {appActivity: com.kisan.samvaad.NewDashbo..., appPackage: com.kisan.samvaad.test, autoAcceptAlerts: true, autoGrantPermissions: true, deviceName: PixelV1, newCommandTimeout: 1840, noReset: true, platformName: Android, platformVersion: 6.0, testobject_api_key: 92F914B9D96C44B0947BD853191...}, deviceManufacturer: LAVA, deviceModel: PixelV1, deviceName: 192.168.0.76:5555, deviceScreenSize: 720x1280, deviceUDID: 192.168.0.76:5555, javascriptEnabled: true, locationContextEnabled: false, networkConnectionEnabled: true, newCommandTimeout: 1840, noReset: true, platform: LINUX, platformName: LINUX, platformVersion: 6.0, takesScreenshot: true, testobject_api_key: 92F914B9D96C44B0947BD853191..., warnings: {}, webStorageEnabled: false}
Session ID: 4b382b71-c361-445e-b91a-878e42d6e62e
*** Element info: {Using=id, value=com.kisan.samvaad.test:id/action_attach}
	at org.openqa.selenium.remote.ErrorHandler.createThrowable(ErrorHandler.java:214)
	at org.openqa.selenium.remote.ErrorHandler.throwIfResponseFailed(ErrorHandler.java:166)
	at org.openqa.selenium.remote.http.JsonHttpResponseCodec.reconstructValue(JsonHttpResponseCodec.java:40)
	at org.openqa.selenium.remote.http.AbstractHttpResponseCodec.decode(AbstractHttpResponseCodec.java:80)
	at org.openqa.selenium.remote.http.AbstractHttpResponseCodec.decode(AbstractHttpResponseCodec.java:44)
	at org.openqa.selenium.remote.HttpCommandExecutor.execute(HttpCommandExecutor.java:158)
	at io.appium.java_client.remote.AppiumCommandExecutor.execute(AppiumCommandExecutor.java:218)
	at org.openqa.selenium.remote.RemoteWebDriver.execute(RemoteWebDriver.java:543)
	at io.appium.java_client.DefaultGenericMobileDriver.execute(DefaultGenericMobileDriver.java:42)
	at io.appium.java_client.AppiumDriver.execute(AppiumDriver.java:1)
	at io.appium.java_client.android.AndroidDriver.execute(AndroidDriver.java:1)
	at org.openqa.selenium.remote.RemoteWebDriver.findElement(RemoteWebDriver.java:317)
	at io.appium.java_client.DefaultGenericMobileDriver.findElement(DefaultGenericMobileDriver.java:62)
	at io.appium.java_client.AppiumDriver.findElement(AppiumDriver.java:1)
	at io.appium.java_client.android.AndroidDriver.findElement(AndroidDriver.java:1)
	at org.openqa.selenium.remote.RemoteWebDriver.findElementById(RemoteWebDriver.java:363)
	at io.appium.java_client.DefaultGenericMobileDriver.findElementById(DefaultGenericMobileDriver.java:70)
	at io.appium.java_client.AppiumDriver.findElementById(AppiumDriver.java:1)
	at io.appium.java_client.android.AndroidDriver.findElementById(AndroidDriver.java:1)
	at org.openqa.selenium.By$ById.findElement(By.java:188)
	at org.openqa.selenium.remote.RemoteWebDriver.findElement(RemoteWebDriver.java:309)
	at io.appium.java_client.DefaultGenericMobileDriver.findElement(DefaultGenericMobileDriver.java:58)
	at io.appium.java_client.AppiumDriver.findElement(AppiumDriver.java:1)
	at io.appium.java_client.android.AndroidDriver.findElement(AndroidDriver.java:1)
	at com.kisan.kisannet.helper.Wait.WaitHelper.waitForElementClickable(WaitHelper.java:71)
	at com.kisan.kisannet.pagelibrary.ChannelChatWindow.clickOnSendAudio(ChannelChatWindow.java:182)
	at com.kisan.kisannet.testscripts.SendAudioToAdmin.sendAudioToAdmin(SendAudioToAdmin.java:33)
... Removed 27 stack frames]]>
    </failure>
  </testcase> <!-- sendAudioToAdmin -->
  <testcase name="sendLocationToFollower" time="21.365" classname="com.kisan.kisannet.testscripts.SendLocationToAdmin"/>
  <testcase name="SendTextMessageToAdmin" time="24.266" classname="com.kisan.kisannet.testscripts.SendTextMessageToAdmin"/>
  <testcase name="followChannelFormChannelProfile" time="39.884" classname="com.kisan.kisannet.testscripts.FollowChannel">
    <failure type="org.openqa.selenium.NoSuchElementException" message="An element could not be located on the page using the given search parameters. (WARNING: The server did not provide any stacktrace information)
Command duration or timeout: 0 milliseconds
For documentation on this error, please visit: http://seleniumhq.org/exceptions/no_such_element.html
Build info: version: &amp;apos;3.12.0&amp;apos;, revision: &amp;apos;7c6e0b3&amp;apos;, time: &amp;apos;2018-05-08T14:04:26.12Z&amp;apos;
System info: host: &amp;apos;KISANABHI-PC&amp;apos;, ip: &amp;apos;192.168.0.79&amp;apos;, os.name: &amp;apos;Windows 7&amp;apos;, os.arch: &amp;apos;amd64&amp;apos;, os.version: &amp;apos;6.1&amp;apos;, java.version: &amp;apos;1.8.0_144&amp;apos;
Driver info: io.appium.java_client.android.AndroidDriver
Capabilities {appActivity: com.kisan.samvaad.NewDashbo..., appPackage: com.kisan.samvaad.test, autoAcceptAlerts: true, autoGrantPermissions: true, databaseEnabled: false, desired: {appActivity: com.kisan.samvaad.NewDashbo..., appPackage: com.kisan.samvaad.test, autoAcceptAlerts: true, autoGrantPermissions: true, deviceName: PixelV1, newCommandTimeout: 1840, noReset: true, platformName: Android, platformVersion: 6.0, testobject_api_key: 92F914B9D96C44B0947BD853191...}, deviceManufacturer: LAVA, deviceModel: PixelV1, deviceName: 192.168.0.76:5555, deviceScreenSize: 720x1280, deviceUDID: 192.168.0.76:5555, javascriptEnabled: true, locationContextEnabled: false, networkConnectionEnabled: true, newCommandTimeout: 1840, noReset: true, platform: LINUX, platformName: LINUX, platformVersion: 6.0, takesScreenshot: true, testobject_api_key: 92F914B9D96C44B0947BD853191..., warnings: {}, webStorageEnabled: false}
Session ID: c59fc3f1-84e9-4ee6-a8ab-3404d0b55f31
*** Element info: {Using=id, value=com.kisan.samvaad.test:id/buttonText}">
      <![CDATA[org.openqa.selenium.NoSuchElementException: An element could not be located on the page using the given search parameters. (WARNING: The server did not provide any stacktrace information)
Command duration or timeout: 0 milliseconds
For documentation on this error, please visit: http://seleniumhq.org/exceptions/no_such_element.html
Build info: version: '3.12.0', revision: '7c6e0b3', time: '2018-05-08T14:04:26.12Z'
System info: host: 'KISANABHI-PC', ip: '192.168.0.79', os.name: 'Windows 7', os.arch: 'amd64', os.version: '6.1', java.version: '1.8.0_144'
Driver info: io.appium.java_client.android.AndroidDriver
Capabilities {appActivity: com.kisan.samvaad.NewDashbo..., appPackage: com.kisan.samvaad.test, autoAcceptAlerts: true, autoGrantPermissions: true, databaseEnabled: false, desired: {appActivity: com.kisan.samvaad.NewDashbo..., appPackage: com.kisan.samvaad.test, autoAcceptAlerts: true, autoGrantPermissions: true, deviceName: PixelV1, newCommandTimeout: 1840, noReset: true, platformName: Android, platformVersion: 6.0, testobject_api_key: 92F914B9D96C44B0947BD853191...}, deviceManufacturer: LAVA, deviceModel: PixelV1, deviceName: 192.168.0.76:5555, deviceScreenSize: 720x1280, deviceUDID: 192.168.0.76:5555, javascriptEnabled: true, locationContextEnabled: false, networkConnectionEnabled: true, newCommandTimeout: 1840, noReset: true, platform: LINUX, platformName: LINUX, platformVersion: 6.0, takesScreenshot: true, testobject_api_key: 92F914B9D96C44B0947BD853191..., warnings: {}, webStorageEnabled: false}
Session ID: c59fc3f1-84e9-4ee6-a8ab-3404d0b55f31
*** Element info: {Using=id, value=com.kisan.samvaad.test:id/buttonText}
	at org.openqa.selenium.remote.ErrorHandler.createThrowable(ErrorHandler.java:214)
	at org.openqa.selenium.remote.ErrorHandler.throwIfResponseFailed(ErrorHandler.java:166)
	at org.openqa.selenium.remote.http.JsonHttpResponseCodec.reconstructValue(JsonHttpResponseCodec.java:40)
	at org.openqa.selenium.remote.http.AbstractHttpResponseCodec.decode(AbstractHttpResponseCodec.java:80)
	at org.openqa.selenium.remote.http.AbstractHttpResponseCodec.decode(AbstractHttpResponseCodec.java:44)
	at org.openqa.selenium.remote.HttpCommandExecutor.execute(HttpCommandExecutor.java:158)
	at io.appium.java_client.remote.AppiumCommandExecutor.execute(AppiumCommandExecutor.java:218)
	at org.openqa.selenium.remote.RemoteWebDriver.execute(RemoteWebDriver.java:543)
	at io.appium.java_client.DefaultGenericMobileDriver.execute(DefaultGenericMobileDriver.java:42)
	at io.appium.java_client.AppiumDriver.execute(AppiumDriver.java:1)
	at io.appium.java_client.android.AndroidDriver.execute(AndroidDriver.java:1)
	at org.openqa.selenium.remote.RemoteWebDriver.findElement(RemoteWebDriver.java:317)
	at io.appium.java_client.DefaultGenericMobileDriver.findElement(DefaultGenericMobileDriver.java:62)
	at io.appium.java_client.AppiumDriver.findElement(AppiumDriver.java:1)
	at io.appium.java_client.android.AndroidDriver.findElement(AndroidDriver.java:1)
	at org.openqa.selenium.remote.RemoteWebDriver.findElementById(RemoteWebDriver.java:363)
	at io.appium.java_client.DefaultGenericMobileDriver.findElementById(DefaultGenericMobileDriver.java:70)
	at io.appium.java_client.AppiumDriver.findElementById(AppiumDriver.java:1)
	at io.appium.java_client.android.AndroidDriver.findElementById(AndroidDriver.java:1)
	at org.openqa.selenium.By$ById.findElement(By.java:188)
	at org.openqa.selenium.remote.RemoteWebDriver.findElement(RemoteWebDriver.java:309)
	at io.appium.java_client.DefaultGenericMobileDriver.findElement(DefaultGenericMobileDriver.java:58)
	at io.appium.java_client.AppiumDriver.findElement(AppiumDriver.java:1)
	at io.appium.java_client.android.AndroidDriver.findElement(AndroidDriver.java:1)
	at com.kisan.kisannet.pagelibrary.ChannelChatWindow.getChannelName(ChannelChatWindow.java:219)
	at com.kisan.kisannet.testscripts.FollowChannel.followChannelFormChannelProfile(FollowChannel.java:48)
... Removed 27 stack frames]]>
    </failure>
  </testcase> <!-- followChannelFormChannelProfile -->
  <testcase name="followChannelFormDiscover" time="37.86" classname="com.kisan.kisannet.testscripts.FollowChannel"/>
  <testcase name="inviteByContact" time="17.027" classname="com.kisan.kisannet.testscripts.InviteToDownloadApp"/>
  <testcase name="inviteManually" time="11.767" classname="com.kisan.kisannet.testscripts.InviteToDownloadApp"/>
  <testcase name="inviteByContactName" time="24.729" classname="com.kisan.kisannet.testscripts.InviteToFollowChannel"/>
  <testcase name="inviteManually" time="25.208" classname="com.kisan.kisannet.testscripts.InviteToFollowChannel"/>
  <testcase name="createPublicChannel" time="63.321" classname="com.kisan.kisannet.testscripts.CreateChannel"/>
  <testcase name="changeLanguage" time="9.075" classname="com.kisan.kisannet.testscripts.ChangeLanguage"/>
  <testcase name="editSelfProfile" time="26.881" classname="com.kisan.kisannet.testscripts.EditSelfProfile">
    <failure type="org.openqa.selenium.WebDriverException" message="java.net.SocketException: Software caused connection abort: recv failed
Build info: version: &amp;apos;3.12.0&amp;apos;, revision: &amp;apos;7c6e0b3&amp;apos;, time: &amp;apos;2018-05-08T14:04:26.12Z&amp;apos;
System info: host: &amp;apos;KISANABHI-PC&amp;apos;, ip: &amp;apos;192.168.0.79&amp;apos;, os.name: &amp;apos;Windows 7&amp;apos;, os.arch: &amp;apos;amd64&amp;apos;, os.version: &amp;apos;6.1&amp;apos;, java.version: &amp;apos;1.8.0_144&amp;apos;
Driver info: driver.version: AppiumDriver">
      <![CDATA[org.openqa.selenium.WebDriverException: java.net.SocketException: Software caused connection abort: recv failed
Build info: version: '3.12.0', revision: '7c6e0b3', time: '2018-05-08T14:04:26.12Z'
System info: host: 'KISANABHI-PC', ip: '192.168.0.79', os.name: 'Windows 7', os.arch: 'amd64', os.version: '6.1', java.version: '1.8.0_144'
Driver info: driver.version: AppiumDriver
	at io.appium.java_client.remote.AppiumCommandExecutor.execute(AppiumCommandExecutor.java:233)
	at org.openqa.selenium.remote.RemoteWebDriver.execute(RemoteWebDriver.java:543)
	at io.appium.java_client.DefaultGenericMobileDriver.execute(DefaultGenericMobileDriver.java:42)
	at io.appium.java_client.AppiumDriver.execute(AppiumDriver.java:1)
	at io.appium.java_client.android.AndroidDriver.execute(AndroidDriver.java:1)
	at org.openqa.selenium.remote.RemoteWebDriver.findElements(RemoteWebDriver.java:344)
	at io.appium.java_client.DefaultGenericMobileDriver.findElements(DefaultGenericMobileDriver.java:54)
	at io.appium.java_client.AppiumDriver.findElements(AppiumDriver.java:152)
	at org.openqa.selenium.remote.RemoteWebDriver.findElementsById(RemoteWebDriver.java:367)
	at io.appium.java_client.DefaultGenericMobileDriver.findElementsById(DefaultGenericMobileDriver.java:66)
	at io.appium.java_client.AppiumDriver.findElementsById(AppiumDriver.java:156)
	at org.openqa.selenium.By$ById.findElements(By.java:180)
	at org.openqa.selenium.remote.RemoteWebDriver.findElements(RemoteWebDriver.java:305)
	at io.appium.java_client.DefaultGenericMobileDriver.findElements(DefaultGenericMobileDriver.java:50)
	at io.appium.java_client.AppiumDriver.findElements(AppiumDriver.java:148)
	at org.openqa.selenium.support.ui.ExpectedConditions.findElement(ExpectedConditions.java:895)
	at org.openqa.selenium.support.ui.ExpectedConditions.access$000(ExpectedConditions.java:44)
	at org.openqa.selenium.support.ui.ExpectedConditions$7.apply(ExpectedConditions.java:206)
	at org.openqa.selenium.support.ui.ExpectedConditions$7.apply(ExpectedConditions.java:202)
	at org.openqa.selenium.support.ui.FluentWait.until(FluentWait.java:248)
	at com.kisan.kisannet.helper.Wait.WaitHelper.waitForElementVisible(WaitHelper.java:55)
	at com.kisan.kisannet.pagelibrary.EditSelfProfilePage.clearFirstNameField(EditSelfProfilePage.java:60)
	at com.kisan.kisannet.testscripts.EditSelfProfile.editSelfProfile(EditSelfProfile.java:44)
Caused by: java.net.SocketException: Software caused connection abort: recv failed
	at java.net.SocketInputStream.socketRead0(Native Method)
	at java.net.SocketInputStream.socketRead(SocketInputStream.java:116)
	at java.net.SocketInputStream.read(SocketInputStream.java:171)
	at java.net.SocketInputStream.read(SocketInputStream.java:141)
	at okio.Okio$2.read(Okio.java:139)
	at okio.AsyncTimeout$2.read(AsyncTimeout.java:237)
	at okio.RealBufferedSource.indexOf(RealBufferedSource.java:345)
	at okio.RealBufferedSource.readUtf8LineStrict(RealBufferedSource.java:217)
	at okhttp3.internal.http1.Http1Codec.readHeaderLine(Http1Codec.java:212)
	at okhttp3.internal.http1.Http1Codec.readResponseHeaders(Http1Codec.java:189)
	at okhttp3.internal.http.CallServerInterceptor.intercept(CallServerInterceptor.java:88)
	at okhttp3.internal.http.RealInterceptorChain.proceed(RealInterceptorChain.java:147)
	at okhttp3.internal.connection.ConnectInterceptor.intercept(ConnectInterceptor.java:45)
	at okhttp3.internal.http.RealInterceptorChain.proceed(RealInterceptorChain.java:147)
	at okhttp3.internal.http.RealInterceptorChain.proceed(RealInterceptorChain.java:121)
	at okhttp3.internal.cache.CacheInterceptor.intercept(CacheInterceptor.java:93)
	at okhttp3.internal.http.RealInterceptorChain.proceed(RealInterceptorChain.java:147)
	at okhttp3.internal.http.RealInterceptorChain.proceed(RealInterceptorChain.java:121)
	at okhttp3.internal.http.BridgeInterceptor.intercept(BridgeInterceptor.java:93)
	at okhttp3.internal.http.RealInterceptorChain.proceed(RealInterceptorChain.java:147)
	at okhttp3.internal.http.RetryAndFollowUpInterceptor.intercept(RetryAndFollowUpInterceptor.java:125)
	at okhttp3.internal.http.RealInterceptorChain.proceed(RealInterceptorChain.java:147)
	at okhttp3.internal.http.RealInterceptorChain.proceed(RealInterceptorChain.java:121)
	at okhttp3.RealCall.getResponseWithInterceptorChain(RealCall.java:200)
	at okhttp3.RealCall.execute(RealCall.java:77)
	at org.openqa.selenium.remote.internal.OkHttpClient.execute(OkHttpClient.java:105)
	at org.openqa.selenium.remote.HttpCommandExecutor.execute(HttpCommandExecutor.java:155)
	at io.appium.java_client.remote.AppiumCommandExecutor.execute(AppiumCommandExecutor.java:218)
	... 46 more
... Removed 24 stack frames]]>
    </failure>
  </testcase> <!-- editSelfProfile -->
  <testcase name="editChannelProfile" time="96.29" classname="com.kisan.kisannet.testscripts.EditChannelProfile">
    <failure type="org.openqa.selenium.TimeoutException" message="Expected condition failed: waiting for visibility of element located by By.xpath: //android.widget.ImageView[@content-desc=&amp;apos;More options&amp;apos;] (tried for 5 second(s) with 500 milliseconds interval)">
      <![CDATA[org.openqa.selenium.TimeoutException: Expected condition failed: waiting for visibility of element located by By.xpath: //android.widget.ImageView[@content-desc='More options'] (tried for 5 second(s) with 500 milliseconds interval)
	at org.openqa.selenium.support.ui.WebDriverWait.timeoutException(WebDriverWait.java:81)
	at org.openqa.selenium.support.ui.FluentWait.until(FluentWait.java:271)
	at com.kisan.kisannet.helper.Wait.WaitHelper.waitForElementVisible(WaitHelper.java:55)
	at com.kisan.kisannet.pagelibrary.MyChat.clickOnRightDrawerMenu(MyChat.java:73)
	at com.kisan.kisannet.testscripts.EditChannelProfile.editChannelProfile(EditChannelProfile.java:76)
Caused by: org.openqa.selenium.NoSuchElementException: Cannot locate an element using By.xpath: //android.widget.ImageView[@content-desc='More options']
For documentation on this error, please visit: http://seleniumhq.org/exceptions/no_such_element.html
Build info: version: '3.12.0', revision: '7c6e0b3', time: '2018-05-08T14:04:26.12Z'
System info: host: 'KISANABHI-PC', ip: '192.168.0.79', os.name: 'Windows 7', os.arch: 'amd64', os.version: '6.1', java.version: '1.8.0_144'
Driver info: driver.version: unknown
	at org.openqa.selenium.support.ui.ExpectedConditions.lambda$findElement$0(ExpectedConditions.java:896)
	at java.util.Optional.orElseThrow(Optional.java:290)
	at org.openqa.selenium.support.ui.ExpectedConditions.findElement(ExpectedConditions.java:895)
	at org.openqa.selenium.support.ui.ExpectedConditions.access$000(ExpectedConditions.java:44)
	at org.openqa.selenium.support.ui.ExpectedConditions$7.apply(ExpectedConditions.java:206)
	at org.openqa.selenium.support.ui.ExpectedConditions$7.apply(ExpectedConditions.java:202)
	at org.openqa.selenium.support.ui.FluentWait.until(FluentWait.java:248)
	... 27 more
... Removed 24 stack frames]]>
    </failure>
  </testcase> <!-- editChannelProfile -->
  <testcase name="logout" time="8.224" classname="com.kisan.kisannet.testscripts.Logout"/>
</testsuite> <!-- Test -->
