<?xml version="1.0" encoding="UTF-8"?>
<!-- Generated by org.testng.reporters.JUnitXMLReporter -->
<testsuite hostname="KisanAbhi-PC" name="Test(failed)" tests="3" failures="2" timestamp="20 Jun 2018 12:17:36 GMT" time="189.367" errors="0">
  <testcase name="changeLanguage" time="8.521" classname="com.kisan.kisannet.testscripts.ChangeLanguage">
    <failure type="java.lang.AssertionError" message="expected [Language is not changed succesfully] but found [false]">
      <![CDATA[java.lang.AssertionError: expected [Language is not changed succesfully] but found [false]
	at com.kisan.kisannet.testscripts.ChangeLanguage.changeLanguage(ChangeLanguage.java:40)
... Removed 28 stack frames]]>
    </failure>
  </testcase> <!-- changeLanguage -->
  <testcase name="editSelfProfile" time="84.904" classname="com.kisan.kisannet.testscripts.EditSelfProfile"/>
  <testcase name="editChannelProfile" time="44.187" classname="com.kisan.kisannet.testscripts.EditChannelProfile">
    <failure type="org.openqa.selenium.TimeoutException" message="Expected condition failed: waiting for visibility of element located by By.id: com.kisan.samvaad.test:id/editTextCommunityName (tried for 30 second(s) with 500 milliseconds interval)">
      <![CDATA[org.openqa.selenium.TimeoutException: Expected condition failed: waiting for visibility of element located by By.id: com.kisan.samvaad.test:id/editTextCommunityName (tried for 30 second(s) with 500 milliseconds interval)
	at org.openqa.selenium.support.ui.WebDriverWait.timeoutException(WebDriverWait.java:81)
	at org.openqa.selenium.support.ui.FluentWait.until(FluentWait.java:271)
	at com.kisan.kisannet.helper.Wait.WaitHelper.waitForElementVisible(WaitHelper.java:55)
	at com.kisan.kisannet.pagelibrary.EditChannelProfilePage.clearChannelNameField(EditChannelProfilePage.java:52)
	at com.kisan.kisannet.testscripts.EditChannelProfile.editChannelProfile(EditChannelProfile.java:45)
Caused by: org.openqa.selenium.NoSuchElementException: Cannot locate an element using By.id: com.kisan.samvaad.test:id/editTextCommunityName
For documentation on this error, please visit: http://seleniumhq.org/exceptions/no_such_element.html
Build info: version: '3.12.0', revision: '7c6e0b3', time: '2018-05-08T14:04:26.12Z'
System info: host: 'KISANABHI-PC', ip: '192.168.0.55', os.name: 'Windows 7', os.arch: 'amd64', os.version: '6.1', java.version: '1.8.0_144'
Driver info: driver.version: unknown
	at org.openqa.selenium.support.ui.ExpectedConditions.lambda$findElement$0(ExpectedConditions.java:896)
	at java.util.Optional.orElseThrow(Optional.java:290)
	at org.openqa.selenium.support.ui.ExpectedConditions.findElement(ExpectedConditions.java:895)
	at org.openqa.selenium.support.ui.ExpectedConditions.access$000(ExpectedConditions.java:44)
	at org.openqa.selenium.support.ui.ExpectedConditions$7.apply(ExpectedConditions.java:206)
	at org.openqa.selenium.support.ui.ExpectedConditions$7.apply(ExpectedConditions.java:202)
	at org.openqa.selenium.support.ui.FluentWait.until(FluentWait.java:248)
	... 27 more
... Removed 24 stack frames]]>
    </failure>
  </testcase> <!-- editChannelProfile -->
</testsuite> <!-- Test(failed) -->
